2019-12-09 23:45:37.935 Eastern Standard Time DEBUG urllib3.connectionpool Starting new HTTPS connection (1): groups.yahoo.com:443
2019-12-09 23:45:38.231 Eastern Standard Time DEBUG urllib3.connectionpool https://groups.yahoo.com:443 "GET /api/v1/groups/starwars_dockingbay/ HTTP/1.1" 200 None
2019-12-09 23:45:38.232 Eastern Standard Time INFO archive_calendar Getting wssid. Expecting 401 or 403 response.
2019-12-09 23:45:38.434 Eastern Standard Time DEBUG urllib3.connectionpool Starting new HTTPS connection (1): calendar.yahoo.com:443
2019-12-09 23:45:38.918 Eastern Standard Time DEBUG urllib3.connectionpool https://calendar.yahoo.com:443 "GET /ws/v3/users/@@groups_fc1660d0-ebce-46b4-a485-bce68a95ed11/calendars/events/?format=json&dtstart=20000101dtend=20000201&wssid=Dummy HTTP/1.1" 401 None
2019-12-09 23:45:38.923 Eastern Standard Time ERROR YahooGroupsAPI Unknown 401 error for https://calendar.yahoo.com/ws/v3/users/@@groups_fc1660d0-ebce-46b4-a485-bce68a95ed11/calendars/events/?format=json&dtstart=20000101dtend=20000201&wssid=Dummy, giving up on this download
2019-12-09 23:45:38.923 Eastern Standard Time INFO archive_calendar Trying to get events between 20010130 and 20031027
2019-12-09 23:45:39.896 Eastern Standard Time DEBUG urllib3.connectionpool https://calendar.yahoo.com:443 "GET /ws/v3/users/@@groups_fc1660d0-ebce-46b4-a485-bce68a95ed11/calendars/events/?format=json&dtstart=20010130&dtend=20031027&wssid=EJpx0moUJPH HTTP/1.1" 200 None
2019-12-09 23:45:39.896 Eastern Standard Time INFO archive_calendar Trying to get events between 20031027 and 20060723
2019-12-09 23:45:40.685 Eastern Standard Time DEBUG urllib3.connectionpool https://calendar.yahoo.com:443 "GET /ws/v3/users/@@groups_fc1660d0-ebce-46b4-a485-bce68a95ed11/calendars/events/?format=json&dtstart=20031027&dtend=20060723&wssid=EJpx0moUJPH HTTP/1.1" 200 None
2019-12-09 23:45:40.685 Eastern Standard Time INFO archive_calendar Trying to get events between 20060723 and 20090418
2019-12-09 23:45:41.497 Eastern Standard Time DEBUG urllib3.connectionpool https://calendar.yahoo.com:443 "GET /ws/v3/users/@@groups_fc1660d0-ebce-46b4-a485-bce68a95ed11/calendars/events/?format=json&dtstart=20060723&dtend=20090418&wssid=EJpx0moUJPH HTTP/1.1" 200 None
2019-12-09 23:45:41.497 Eastern Standard Time INFO archive_calendar Trying to get events between 20090418 and 20120113
2019-12-09 23:45:42.327 Eastern Standard Time DEBUG urllib3.connectionpool https://calendar.yahoo.com:443 "GET /ws/v3/users/@@groups_fc1660d0-ebce-46b4-a485-bce68a95ed11/calendars/events/?format=json&dtstart=20090418&dtend=20120113&wssid=EJpx0moUJPH HTTP/1.1" 200 None
2019-12-09 23:45:42.329 Eastern Standard Time INFO archive_calendar Trying to get events between 20120113 and 20141009
2019-12-09 23:45:43.108 Eastern Standard Time DEBUG urllib3.connectionpool https://calendar.yahoo.com:443 "GET /ws/v3/users/@@groups_fc1660d0-ebce-46b4-a485-bce68a95ed11/calendars/events/?format=json&dtstart=20120113&dtend=20141009&wssid=EJpx0moUJPH HTTP/1.1" 200 None
2019-12-09 23:45:43.109 Eastern Standard Time INFO archive_calendar Trying to get events between 20141009 and 20170705
2019-12-09 23:45:44.393 Eastern Standard Time DEBUG urllib3.connectionpool https://calendar.yahoo.com:443 "GET /ws/v3/users/@@groups_fc1660d0-ebce-46b4-a485-bce68a95ed11/calendars/events/?format=json&dtstart=20141009&dtend=20170705&wssid=EJpx0moUJPH HTTP/1.1" 200 None
2019-12-09 23:45:44.395 Eastern Standard Time INFO archive_calendar Trying to get events between 20170705 and 20200331
2019-12-09 23:45:45.315 Eastern Standard Time DEBUG urllib3.connectionpool https://calendar.yahoo.com:443 "GET /ws/v3/users/@@groups_fc1660d0-ebce-46b4-a485-bce68a95ed11/calendars/events/?format=json&dtstart=20170705&dtend=20200331&wssid=EJpx0moUJPH HTTP/1.1" 200 None
2019-12-09 23:45:45.316 Eastern Standard Time INFO archive_calendar Trying to get events between 20200331 and 20221226
2019-12-09 23:45:46.233 Eastern Standard Time DEBUG urllib3.connectionpool https://calendar.yahoo.com:443 "GET /ws/v3/users/@@groups_fc1660d0-ebce-46b4-a485-bce68a95ed11/calendars/events/?format=json&dtstart=20200331&dtend=20221226&wssid=EJpx0moUJPH HTTP/1.1" 200 None
2019-12-09 23:45:46.235 Eastern Standard Time INFO archive_calendar Trying to get events between 20221226 and 20250921
2019-12-09 23:45:47.148 Eastern Standard Time DEBUG urllib3.connectionpool https://calendar.yahoo.com:443 "GET /ws/v3/users/@@groups_fc1660d0-ebce-46b4-a485-bce68a95ed11/calendars/events/?format=json&dtstart=20221226&dtend=20250921&wssid=EJpx0moUJPH HTTP/1.1" 200 None
2019-12-09 23:46:39.817 Eastern Standard Time DEBUG urllib3.connectionpool Starting new HTTPS connection (1): groups.yahoo.com:443
2019-12-09 23:46:40.188 Eastern Standard Time DEBUG urllib3.connectionpool https://groups.yahoo.com:443 "GET /api/v1/groups/starwars_dockingbay/ HTTP/1.1" 200 None
2019-12-09 23:46:40.188 Eastern Standard Time INFO archive_calendar Getting wssid. Expecting 401 or 403 response.
2019-12-09 23:46:40.390 Eastern Standard Time DEBUG urllib3.connectionpool Starting new HTTPS connection (1): calendar.yahoo.com:443
2019-12-09 23:46:41.751 Eastern Standard Time DEBUG urllib3.connectionpool https://calendar.yahoo.com:443 "GET /ws/v3/users/@@groups_fc1660d0-ebce-46b4-a485-bce68a95ed11/calendars/events/?format=json&dtstart=20000101dtend=20000201&wssid=Dummy HTTP/1.1" 401 None
2019-12-09 23:46:41.754 Eastern Standard Time ERROR YahooGroupsAPI Unknown 401 error for https://calendar.yahoo.com/ws/v3/users/@@groups_fc1660d0-ebce-46b4-a485-bce68a95ed11/calendars/events/?format=json&dtstart=20000101dtend=20000201&wssid=Dummy, giving up on this download
2019-12-09 23:46:41.754 Eastern Standard Time INFO archive_calendar Trying to get events between 20010130 and 20031027
2019-12-09 23:46:42.725 Eastern Standard Time DEBUG urllib3.connectionpool https://calendar.yahoo.com:443 "GET /ws/v3/users/@@groups_fc1660d0-ebce-46b4-a485-bce68a95ed11/calendars/events/?format=json&dtstart=20010130&dtend=20031027&wssid=EJpx0moUJPH HTTP/1.1" 200 None
2019-12-09 23:46:42.725 Eastern Standard Time INFO archive_calendar Trying to get events between 20031027 and 20060723
2019-12-09 23:46:43.492 Eastern Standard Time DEBUG urllib3.connectionpool https://calendar.yahoo.com:443 "GET /ws/v3/users/@@groups_fc1660d0-ebce-46b4-a485-bce68a95ed11/calendars/events/?format=json&dtstart=20031027&dtend=20060723&wssid=EJpx0moUJPH HTTP/1.1" 200 None
2019-12-09 23:46:43.492 Eastern Standard Time INFO archive_calendar Trying to get events between 20060723 and 20090418
2019-12-09 23:46:45.613 Eastern Standard Time DEBUG urllib3.connectionpool https://calendar.yahoo.com:443 "GET /ws/v3/users/@@groups_fc1660d0-ebce-46b4-a485-bce68a95ed11/calendars/events/?format=json&dtstart=20060723&dtend=20090418&wssid=EJpx0moUJPH HTTP/1.1" 200 None
2019-12-09 23:46:45.616 Eastern Standard Time INFO archive_calendar Trying to get events between 20090418 and 20120113
2019-12-09 23:46:46.101 Eastern Standard Time DEBUG urllib3.connectionpool https://calendar.yahoo.com:443 "GET /ws/v3/users/@@groups_fc1660d0-ebce-46b4-a485-bce68a95ed11/calendars/events/?format=json&dtstart=20090418&dtend=20120113&wssid=EJpx0moUJPH HTTP/1.1" 200 None
2019-12-09 23:46:46.101 Eastern Standard Time INFO archive_calendar Trying to get events between 20120113 and 20141009
2019-12-09 23:46:46.760 Eastern Standard Time DEBUG urllib3.connectionpool https://calendar.yahoo.com:443 "GET /ws/v3/users/@@groups_fc1660d0-ebce-46b4-a485-bce68a95ed11/calendars/events/?format=json&dtstart=20120113&dtend=20141009&wssid=EJpx0moUJPH HTTP/1.1" 200 None
2019-12-09 23:46:46.760 Eastern Standard Time INFO archive_calendar Trying to get events between 20141009 and 20170705
2019-12-09 23:46:47.593 Eastern Standard Time DEBUG urllib3.connectionpool https://calendar.yahoo.com:443 "GET /ws/v3/users/@@groups_fc1660d0-ebce-46b4-a485-bce68a95ed11/calendars/events/?format=json&dtstart=20141009&dtend=20170705&wssid=EJpx0moUJPH HTTP/1.1" 200 None
2019-12-09 23:46:47.594 Eastern Standard Time INFO archive_calendar Trying to get events between 20170705 and 20200331
2019-12-09 23:46:48.259 Eastern Standard Time DEBUG urllib3.connectionpool https://calendar.yahoo.com:443 "GET /ws/v3/users/@@groups_fc1660d0-ebce-46b4-a485-bce68a95ed11/calendars/events/?format=json&dtstart=20170705&dtend=20200331&wssid=EJpx0moUJPH HTTP/1.1" 200 None
2019-12-09 23:46:48.259 Eastern Standard Time INFO archive_calendar Trying to get events between 20200331 and 20221226
2019-12-09 23:46:48.863 Eastern Standard Time DEBUG urllib3.connectionpool https://calendar.yahoo.com:443 "GET /ws/v3/users/@@groups_fc1660d0-ebce-46b4-a485-bce68a95ed11/calendars/events/?format=json&dtstart=20200331&dtend=20221226&wssid=EJpx0moUJPH HTTP/1.1" 200 None
2019-12-09 23:46:48.864 Eastern Standard Time INFO archive_calendar Trying to get events between 20221226 and 20250921
2019-12-09 23:46:49.519 Eastern Standard Time DEBUG urllib3.connectionpool https://calendar.yahoo.com:443 "GET /ws/v3/users/@@groups_fc1660d0-ebce-46b4-a485-bce68a95ed11/calendars/events/?format=json&dtstart=20221226&dtend=20250921&wssid=EJpx0moUJPH HTTP/1.1" 200 None
2019-12-10 00:08:38.995 Eastern Standard Time DEBUG urllib3.connectionpool Starting new HTTPS connection (1): groups.yahoo.com:443
2019-12-10 00:08:39.417 Eastern Standard Time DEBUG urllib3.connectionpool https://groups.yahoo.com:443 "GET /api/v1/groups/starwars_dockingbay/ HTTP/1.1" 200 None
2019-12-10 00:08:39.418 Eastern Standard Time INFO archive_calendar Getting wssid. Expecting 401 or 403 response.
2019-12-10 00:08:39.619 Eastern Standard Time DEBUG urllib3.connectionpool Starting new HTTPS connection (1): calendar.yahoo.com:443
2019-12-10 00:08:46.901 Eastern Standard Time DEBUG urllib3.connectionpool https://calendar.yahoo.com:443 "GET /ws/v3/users/@@groups_fc1660d0-ebce-46b4-a485-bce68a95ed11/calendars/events/?format=json&dtstart=20000101dtend=20000201&wssid=Dummy HTTP/1.1" 401 None
2019-12-10 00:08:46.902 Eastern Standard Time ERROR YahooGroupsAPI Unknown 401 error for https://calendar.yahoo.com/ws/v3/users/@@groups_fc1660d0-ebce-46b4-a485-bce68a95ed11/calendars/events/?format=json&dtstart=20000101dtend=20000201&wssid=Dummy, giving up on this download
2019-12-10 00:08:46.902 Eastern Standard Time INFO archive_calendar Trying to get events between 20010130 and 20031027
2019-12-10 00:08:49.616 Eastern Standard Time DEBUG urllib3.connectionpool https://calendar.yahoo.com:443 "GET /ws/v3/users/@@groups_fc1660d0-ebce-46b4-a485-bce68a95ed11/calendars/events/?format=json&dtstart=20010130&dtend=20031027&wssid=EJpx0moUJPH HTTP/1.1" 200 None
2019-12-10 00:08:49.621 Eastern Standard Time ERROR archive_calendar Unrecoverable error processing events between 20010130 and 20031027: URL https://calendar.yahoo.com/ws/v3/users/@@groups_fc1660d0-ebce-46b4-a485-bce68a95ed11/calendars/events/?format=json&dtstart=20010130&dtend=20031027&wssid=EJpx0moUJPH
2019-12-10 00:08:49.621 Eastern Standard Time INFO archive_calendar Trying to get events between 20031027 and 20060723
2019-12-10 00:08:50.052 Eastern Standard Time DEBUG urllib3.connectionpool https://calendar.yahoo.com:443 "GET /ws/v3/users/@@groups_fc1660d0-ebce-46b4-a485-bce68a95ed11/calendars/events/?format=json&dtstart=20031027&dtend=20060723&wssid=EJpx0moUJPH HTTP/1.1" 200 None
2019-12-10 00:08:50.094 Eastern Standard Time ERROR archive_calendar Unrecoverable error processing events between 20031027 and 20060723: URL https://calendar.yahoo.com/ws/v3/users/@@groups_fc1660d0-ebce-46b4-a485-bce68a95ed11/calendars/events/?format=json&dtstart=20031027&dtend=20060723&wssid=EJpx0moUJPH
2019-12-10 00:08:50.099 Eastern Standard Time INFO archive_calendar Trying to get events between 20060723 and 20090418
2019-12-10 00:08:50.438 Eastern Standard Time DEBUG urllib3.connectionpool https://calendar.yahoo.com:443 "GET /ws/v3/users/@@groups_fc1660d0-ebce-46b4-a485-bce68a95ed11/calendars/events/?format=json&dtstart=20060723&dtend=20090418&wssid=EJpx0moUJPH HTTP/1.1" 200 None
2019-12-10 00:08:50.439 Eastern Standard Time ERROR archive_calendar Unrecoverable error processing events between 20060723 and 20090418: URL https://calendar.yahoo.com/ws/v3/users/@@groups_fc1660d0-ebce-46b4-a485-bce68a95ed11/calendars/events/?format=json&dtstart=20060723&dtend=20090418&wssid=EJpx0moUJPH
2019-12-10 00:08:50.439 Eastern Standard Time INFO archive_calendar Trying to get events between 20090418 and 20120113
2019-12-10 00:08:50.775 Eastern Standard Time DEBUG urllib3.connectionpool https://calendar.yahoo.com:443 "GET /ws/v3/users/@@groups_fc1660d0-ebce-46b4-a485-bce68a95ed11/calendars/events/?format=json&dtstart=20090418&dtend=20120113&wssid=EJpx0moUJPH HTTP/1.1" 200 None
2019-12-10 00:08:50.776 Eastern Standard Time ERROR archive_calendar Unrecoverable error processing events between 20090418 and 20120113: URL https://calendar.yahoo.com/ws/v3/users/@@groups_fc1660d0-ebce-46b4-a485-bce68a95ed11/calendars/events/?format=json&dtstart=20090418&dtend=20120113&wssid=EJpx0moUJPH
2019-12-10 00:08:50.776 Eastern Standard Time INFO archive_calendar Trying to get events between 20120113 and 20141009
2019-12-10 00:08:51.118 Eastern Standard Time DEBUG urllib3.connectionpool https://calendar.yahoo.com:443 "GET /ws/v3/users/@@groups_fc1660d0-ebce-46b4-a485-bce68a95ed11/calendars/events/?format=json&dtstart=20120113&dtend=20141009&wssid=EJpx0moUJPH HTTP/1.1" 200 None
2019-12-10 00:08:51.119 Eastern Standard Time ERROR archive_calendar Unrecoverable error processing events between 20120113 and 20141009: URL https://calendar.yahoo.com/ws/v3/users/@@groups_fc1660d0-ebce-46b4-a485-bce68a95ed11/calendars/events/?format=json&dtstart=20120113&dtend=20141009&wssid=EJpx0moUJPH
2019-12-10 00:08:51.119 Eastern Standard Time INFO archive_calendar Trying to get events between 20141009 and 20170705
2019-12-10 00:08:51.453 Eastern Standard Time DEBUG urllib3.connectionpool https://calendar.yahoo.com:443 "GET /ws/v3/users/@@groups_fc1660d0-ebce-46b4-a485-bce68a95ed11/calendars/events/?format=json&dtstart=20141009&dtend=20170705&wssid=EJpx0moUJPH HTTP/1.1" 200 None
2019-12-10 00:08:51.456 Eastern Standard Time ERROR archive_calendar Unrecoverable error processing events between 20141009 and 20170705: URL https://calendar.yahoo.com/ws/v3/users/@@groups_fc1660d0-ebce-46b4-a485-bce68a95ed11/calendars/events/?format=json&dtstart=20141009&dtend=20170705&wssid=EJpx0moUJPH
2019-12-10 00:08:51.456 Eastern Standard Time INFO archive_calendar Trying to get events between 20170705 and 20200331
2019-12-10 00:08:51.802 Eastern Standard Time DEBUG urllib3.connectionpool https://calendar.yahoo.com:443 "GET /ws/v3/users/@@groups_fc1660d0-ebce-46b4-a485-bce68a95ed11/calendars/events/?format=json&dtstart=20170705&dtend=20200331&wssid=EJpx0moUJPH HTTP/1.1" 200 None
2019-12-10 00:08:51.806 Eastern Standard Time ERROR archive_calendar Unrecoverable error processing events between 20170705 and 20200331: URL https://calendar.yahoo.com/ws/v3/users/@@groups_fc1660d0-ebce-46b4-a485-bce68a95ed11/calendars/events/?format=json&dtstart=20170705&dtend=20200331&wssid=EJpx0moUJPH
2019-12-10 00:08:51.806 Eastern Standard Time INFO archive_calendar Trying to get events between 20200331 and 20221226
2019-12-10 00:08:52.194 Eastern Standard Time DEBUG urllib3.connectionpool https://calendar.yahoo.com:443 "GET /ws/v3/users/@@groups_fc1660d0-ebce-46b4-a485-bce68a95ed11/calendars/events/?format=json&dtstart=20200331&dtend=20221226&wssid=EJpx0moUJPH HTTP/1.1" 200 None
2019-12-10 00:08:52.194 Eastern Standard Time ERROR archive_calendar Unrecoverable error processing events between 20200331 and 20221226: URL https://calendar.yahoo.com/ws/v3/users/@@groups_fc1660d0-ebce-46b4-a485-bce68a95ed11/calendars/events/?format=json&dtstart=20200331&dtend=20221226&wssid=EJpx0moUJPH
2019-12-10 00:08:52.195 Eastern Standard Time INFO archive_calendar Trying to get events between 20221226 and 20250921
2019-12-10 00:08:52.577 Eastern Standard Time DEBUG urllib3.connectionpool https://calendar.yahoo.com:443 "GET /ws/v3/users/@@groups_fc1660d0-ebce-46b4-a485-bce68a95ed11/calendars/events/?format=json&dtstart=20221226&dtend=20250921&wssid=EJpx0moUJPH HTTP/1.1" 200 None
2019-12-10 00:08:52.578 Eastern Standard Time ERROR archive_calendar Unrecoverable error processing events between 20221226 and 20250921: URL https://calendar.yahoo.com/ws/v3/users/@@groups_fc1660d0-ebce-46b4-a485-bce68a95ed11/calendars/events/?format=json&dtstart=20221226&dtend=20250921&wssid=EJpx0moUJPH
2019-12-10 00:14:36.071 Eastern Standard Time DEBUG urllib3.connectionpool Starting new HTTPS connection (1): groups.yahoo.com:443
2019-12-10 00:14:36.416 Eastern Standard Time DEBUG urllib3.connectionpool https://groups.yahoo.com:443 "GET /api/v1/groups/starwars_dockingbay/ HTTP/1.1" 200 None
2019-12-10 00:14:36.416 Eastern Standard Time INFO archive_calendar Getting wssid. Expecting 401 or 403 response.
2019-12-10 00:14:36.618 Eastern Standard Time DEBUG urllib3.connectionpool Starting new HTTPS connection (1): calendar.yahoo.com:443
2019-12-10 00:14:37.424 Eastern Standard Time DEBUG urllib3.connectionpool https://calendar.yahoo.com:443 "GET /ws/v3/users/@@groups_fc1660d0-ebce-46b4-a485-bce68a95ed11/calendars/events/?format=json&dtstart=20000101dtend=20000201&wssid=Dummy HTTP/1.1" 401 None
2019-12-10 00:14:37.425 Eastern Standard Time ERROR YahooGroupsAPI Unknown 401 error for https://calendar.yahoo.com/ws/v3/users/@@groups_fc1660d0-ebce-46b4-a485-bce68a95ed11/calendars/events/?format=json&dtstart=20000101dtend=20000201&wssid=Dummy, giving up on this download
2019-12-10 00:14:37.425 Eastern Standard Time INFO archive_calendar Trying to get events between 20010130 and 20031027
2019-12-10 00:14:40.026 Eastern Standard Time DEBUG urllib3.connectionpool https://calendar.yahoo.com:443 "GET /ws/v3/users/@@groups_fc1660d0-ebce-46b4-a485-bce68a95ed11/calendars/events/?format=json&dtstart=20010130&dtend=20031027&wssid=EJpx0moUJPH HTTP/1.1" 200 None
2019-12-10 00:14:40.027 Eastern Standard Time ERROR archive_calendar Unrecoverable error processing events between 20010130 and 20031027: URL https://calendar.yahoo.com/ws/v3/users/@@groups_fc1660d0-ebce-46b4-a485-bce68a95ed11/calendars/events/?format=json&dtstart=20010130&dtend=20031027&wssid=EJpx0moUJPH
2019-12-10 00:14:40.027 Eastern Standard Time INFO archive_calendar Trying to get events between 20031027 and 20060723
2019-12-10 00:14:40.962 Eastern Standard Time DEBUG urllib3.connectionpool https://calendar.yahoo.com:443 "GET /ws/v3/users/@@groups_fc1660d0-ebce-46b4-a485-bce68a95ed11/calendars/events/?format=json&dtstart=20031027&dtend=20060723&wssid=EJpx0moUJPH HTTP/1.1" 200 None
2019-12-10 00:14:40.962 Eastern Standard Time ERROR archive_calendar Unrecoverable error processing events between 20031027 and 20060723: URL https://calendar.yahoo.com/ws/v3/users/@@groups_fc1660d0-ebce-46b4-a485-bce68a95ed11/calendars/events/?format=json&dtstart=20031027&dtend=20060723&wssid=EJpx0moUJPH
2019-12-10 00:14:40.962 Eastern Standard Time INFO archive_calendar Trying to get events between 20060723 and 20090418
2019-12-10 00:14:41.934 Eastern Standard Time DEBUG urllib3.connectionpool https://calendar.yahoo.com:443 "GET /ws/v3/users/@@groups_fc1660d0-ebce-46b4-a485-bce68a95ed11/calendars/events/?format=json&dtstart=20060723&dtend=20090418&wssid=EJpx0moUJPH HTTP/1.1" 200 None
2019-12-10 00:14:41.934 Eastern Standard Time ERROR archive_calendar Unrecoverable error processing events between 20060723 and 20090418: URL https://calendar.yahoo.com/ws/v3/users/@@groups_fc1660d0-ebce-46b4-a485-bce68a95ed11/calendars/events/?format=json&dtstart=20060723&dtend=20090418&wssid=EJpx0moUJPH
2019-12-10 00:14:41.935 Eastern Standard Time INFO archive_calendar Trying to get events between 20090418 and 20120113
2019-12-10 00:14:44.393 Eastern Standard Time DEBUG urllib3.connectionpool https://calendar.yahoo.com:443 "GET /ws/v3/users/@@groups_fc1660d0-ebce-46b4-a485-bce68a95ed11/calendars/events/?format=json&dtstart=20090418&dtend=20120113&wssid=EJpx0moUJPH HTTP/1.1" 200 None
2019-12-10 00:14:44.400 Eastern Standard Time ERROR archive_calendar Unrecoverable error processing events between 20090418 and 20120113: URL https://calendar.yahoo.com/ws/v3/users/@@groups_fc1660d0-ebce-46b4-a485-bce68a95ed11/calendars/events/?format=json&dtstart=20090418&dtend=20120113&wssid=EJpx0moUJPH
2019-12-10 00:14:44.400 Eastern Standard Time INFO archive_calendar Trying to get events between 20120113 and 20141009
2019-12-10 00:14:45.102 Eastern Standard Time DEBUG urllib3.connectionpool https://calendar.yahoo.com:443 "GET /ws/v3/users/@@groups_fc1660d0-ebce-46b4-a485-bce68a95ed11/calendars/events/?format=json&dtstart=20120113&dtend=20141009&wssid=EJpx0moUJPH HTTP/1.1" 200 None
2019-12-10 00:14:45.102 Eastern Standard Time ERROR archive_calendar Unrecoverable error processing events between 20120113 and 20141009: URL https://calendar.yahoo.com/ws/v3/users/@@groups_fc1660d0-ebce-46b4-a485-bce68a95ed11/calendars/events/?format=json&dtstart=20120113&dtend=20141009&wssid=EJpx0moUJPH
2019-12-10 00:14:45.102 Eastern Standard Time INFO archive_calendar Trying to get events between 20141009 and 20170705
2019-12-10 00:14:46.897 Eastern Standard Time DEBUG urllib3.connectionpool https://calendar.yahoo.com:443 "GET /ws/v3/users/@@groups_fc1660d0-ebce-46b4-a485-bce68a95ed11/calendars/events/?format=json&dtstart=20141009&dtend=20170705&wssid=EJpx0moUJPH HTTP/1.1" 200 None
2019-12-10 00:14:46.916 Eastern Standard Time ERROR archive_calendar Unrecoverable error processing events between 20141009 and 20170705: URL https://calendar.yahoo.com/ws/v3/users/@@groups_fc1660d0-ebce-46b4-a485-bce68a95ed11/calendars/events/?format=json&dtstart=20141009&dtend=20170705&wssid=EJpx0moUJPH
2019-12-10 00:14:46.916 Eastern Standard Time INFO archive_calendar Trying to get events between 20170705 and 20200331
2019-12-10 00:14:47.589 Eastern Standard Time DEBUG urllib3.connectionpool https://calendar.yahoo.com:443 "GET /ws/v3/users/@@groups_fc1660d0-ebce-46b4-a485-bce68a95ed11/calendars/events/?format=json&dtstart=20170705&dtend=20200331&wssid=EJpx0moUJPH HTTP/1.1" 200 None
2019-12-10 00:14:47.589 Eastern Standard Time ERROR archive_calendar Unrecoverable error processing events between 20170705 and 20200331: URL https://calendar.yahoo.com/ws/v3/users/@@groups_fc1660d0-ebce-46b4-a485-bce68a95ed11/calendars/events/?format=json&dtstart=20170705&dtend=20200331&wssid=EJpx0moUJPH
2019-12-10 00:14:47.590 Eastern Standard Time INFO archive_calendar Trying to get events between 20200331 and 20221226
2019-12-10 00:14:48.247 Eastern Standard Time DEBUG urllib3.connectionpool https://calendar.yahoo.com:443 "GET /ws/v3/users/@@groups_fc1660d0-ebce-46b4-a485-bce68a95ed11/calendars/events/?format=json&dtstart=20200331&dtend=20221226&wssid=EJpx0moUJPH HTTP/1.1" 200 None
2019-12-10 00:14:48.247 Eastern Standard Time ERROR archive_calendar Unrecoverable error processing events between 20200331 and 20221226: URL https://calendar.yahoo.com/ws/v3/users/@@groups_fc1660d0-ebce-46b4-a485-bce68a95ed11/calendars/events/?format=json&dtstart=20200331&dtend=20221226&wssid=EJpx0moUJPH
2019-12-10 00:14:48.248 Eastern Standard Time INFO archive_calendar Trying to get events between 20221226 and 20250921
2019-12-10 00:14:48.907 Eastern Standard Time DEBUG urllib3.connectionpool https://calendar.yahoo.com:443 "GET /ws/v3/users/@@groups_fc1660d0-ebce-46b4-a485-bce68a95ed11/calendars/events/?format=json&dtstart=20221226&dtend=20250921&wssid=EJpx0moUJPH HTTP/1.1" 200 None
2019-12-10 00:14:48.910 Eastern Standard Time ERROR archive_calendar Unrecoverable error processing events between 20221226 and 20250921: URL https://calendar.yahoo.com/ws/v3/users/@@groups_fc1660d0-ebce-46b4-a485-bce68a95ed11/calendars/events/?format=json&dtstart=20221226&dtend=20250921&wssid=EJpx0moUJPH
2019-12-10 00:19:54.554 Eastern Standard Time DEBUG urllib3.connectionpool Starting new HTTPS connection (1): groups.yahoo.com:443
2019-12-10 00:19:54.802 Eastern Standard Time DEBUG urllib3.connectionpool https://groups.yahoo.com:443 "GET /api/v1/groups/starwars_dockingbay/ HTTP/1.1" 200 None
2019-12-10 00:19:54.802 Eastern Standard Time INFO archive_calendar Getting wssid. Expecting 401 or 403 response.
2019-12-10 00:19:55.004 Eastern Standard Time DEBUG urllib3.connectionpool Starting new HTTPS connection (1): calendar.yahoo.com:443
2019-12-10 00:19:58.764 Eastern Standard Time DEBUG urllib3.connectionpool https://calendar.yahoo.com:443 "GET /ws/v3/users/@@groups_fc1660d0-ebce-46b4-a485-bce68a95ed11/calendars/events/?format=json&dtstart=20000101dtend=20000201&wssid=Dummy HTTP/1.1" 401 None
2019-12-10 00:19:58.765 Eastern Standard Time ERROR YahooGroupsAPI Unknown 401 error for https://calendar.yahoo.com/ws/v3/users/@@groups_fc1660d0-ebce-46b4-a485-bce68a95ed11/calendars/events/?format=json&dtstart=20000101dtend=20000201&wssid=Dummy, giving up on this download
2019-12-10 00:19:58.765 Eastern Standard Time INFO archive_calendar Trying to get events between 20010130 and 20031027
2019-12-10 00:20:03.526 Eastern Standard Time DEBUG urllib3.connectionpool https://calendar.yahoo.com:443 "GET /ws/v3/users/@@groups_fc1660d0-ebce-46b4-a485-bce68a95ed11/calendars/events/?format=json&dtstart=20010130&dtend=20031027&wssid=EJpx0moUJPH HTTP/1.1" 200 None
2019-12-10 00:20:03.529 Eastern Standard Time ERROR archive_calendar Unrecoverable error processing events between 20010130 and 20031027: URL https://calendar.yahoo.com/ws/v3/users/@@groups_fc1660d0-ebce-46b4-a485-bce68a95ed11/calendars/events/?format=json&dtstart=20010130&dtend=20031027&wssid=EJpx0moUJPH
2019-12-10 00:20:03.530 Eastern Standard Time INFO archive_calendar Trying to get events between 20031027 and 20060723
2019-12-10 00:20:08.154 Eastern Standard Time DEBUG urllib3.connectionpool https://calendar.yahoo.com:443 "GET /ws/v3/users/@@groups_fc1660d0-ebce-46b4-a485-bce68a95ed11/calendars/events/?format=json&dtstart=20031027&dtend=20060723&wssid=EJpx0moUJPH HTTP/1.1" 200 None
2019-12-10 00:20:08.155 Eastern Standard Time ERROR archive_calendar Unrecoverable error processing events between 20031027 and 20060723: URL https://calendar.yahoo.com/ws/v3/users/@@groups_fc1660d0-ebce-46b4-a485-bce68a95ed11/calendars/events/?format=json&dtstart=20031027&dtend=20060723&wssid=EJpx0moUJPH
2019-12-10 00:20:08.155 Eastern Standard Time INFO archive_calendar Trying to get events between 20060723 and 20090418
2019-12-10 00:20:12.980 Eastern Standard Time DEBUG urllib3.connectionpool https://calendar.yahoo.com:443 "GET /ws/v3/users/@@groups_fc1660d0-ebce-46b4-a485-bce68a95ed11/calendars/events/?format=json&dtstart=20060723&dtend=20090418&wssid=EJpx0moUJPH HTTP/1.1" 200 None
2019-12-10 00:20:12.981 Eastern Standard Time ERROR archive_calendar Unrecoverable error processing events between 20060723 and 20090418: URL https://calendar.yahoo.com/ws/v3/users/@@groups_fc1660d0-ebce-46b4-a485-bce68a95ed11/calendars/events/?format=json&dtstart=20060723&dtend=20090418&wssid=EJpx0moUJPH
2019-12-10 00:20:12.981 Eastern Standard Time INFO archive_calendar Trying to get events between 20090418 and 20120113
2019-12-10 00:20:18.508 Eastern Standard Time DEBUG urllib3.connectionpool https://calendar.yahoo.com:443 "GET /ws/v3/users/@@groups_fc1660d0-ebce-46b4-a485-bce68a95ed11/calendars/events/?format=json&dtstart=20090418&dtend=20120113&wssid=EJpx0moUJPH HTTP/1.1" 200 None
2019-12-10 00:20:18.509 Eastern Standard Time ERROR archive_calendar Unrecoverable error processing events between 20090418 and 20120113: URL https://calendar.yahoo.com/ws/v3/users/@@groups_fc1660d0-ebce-46b4-a485-bce68a95ed11/calendars/events/?format=json&dtstart=20090418&dtend=20120113&wssid=EJpx0moUJPH
2019-12-10 00:20:18.509 Eastern Standard Time INFO archive_calendar Trying to get events between 20120113 and 20141009
2019-12-10 00:20:24.541 Eastern Standard Time DEBUG urllib3.connectionpool https://calendar.yahoo.com:443 "GET /ws/v3/users/@@groups_fc1660d0-ebce-46b4-a485-bce68a95ed11/calendars/events/?format=json&dtstart=20120113&dtend=20141009&wssid=EJpx0moUJPH HTTP/1.1" 200 None
2019-12-10 00:20:24.547 Eastern Standard Time ERROR archive_calendar Unrecoverable error processing events between 20120113 and 20141009: URL https://calendar.yahoo.com/ws/v3/users/@@groups_fc1660d0-ebce-46b4-a485-bce68a95ed11/calendars/events/?format=json&dtstart=20120113&dtend=20141009&wssid=EJpx0moUJPH
2019-12-10 00:20:24.547 Eastern Standard Time INFO archive_calendar Trying to get events between 20141009 and 20170705
2019-12-10 00:20:30.486 Eastern Standard Time DEBUG urllib3.connectionpool https://calendar.yahoo.com:443 "GET /ws/v3/users/@@groups_fc1660d0-ebce-46b4-a485-bce68a95ed11/calendars/events/?format=json&dtstart=20141009&dtend=20170705&wssid=EJpx0moUJPH HTTP/1.1" 200 None
2019-12-10 00:20:30.487 Eastern Standard Time ERROR archive_calendar Unrecoverable error processing events between 20141009 and 20170705: URL https://calendar.yahoo.com/ws/v3/users/@@groups_fc1660d0-ebce-46b4-a485-bce68a95ed11/calendars/events/?format=json&dtstart=20141009&dtend=20170705&wssid=EJpx0moUJPH
2019-12-10 00:20:30.492 Eastern Standard Time INFO archive_calendar Trying to get events between 20170705 and 20200331
2019-12-10 00:20:39.692 Eastern Standard Time DEBUG urllib3.connectionpool https://calendar.yahoo.com:443 "GET /ws/v3/users/@@groups_fc1660d0-ebce-46b4-a485-bce68a95ed11/calendars/events/?format=json&dtstart=20170705&dtend=20200331&wssid=EJpx0moUJPH HTTP/1.1" 200 None
2019-12-10 00:20:39.693 Eastern Standard Time ERROR archive_calendar Unrecoverable error processing events between 20170705 and 20200331: URL https://calendar.yahoo.com/ws/v3/users/@@groups_fc1660d0-ebce-46b4-a485-bce68a95ed11/calendars/events/?format=json&dtstart=20170705&dtend=20200331&wssid=EJpx0moUJPH
2019-12-10 00:20:39.693 Eastern Standard Time INFO archive_calendar Trying to get events between 20200331 and 20221226
2019-12-10 00:20:47.709 Eastern Standard Time DEBUG urllib3.connectionpool https://calendar.yahoo.com:443 "GET /ws/v3/users/@@groups_fc1660d0-ebce-46b4-a485-bce68a95ed11/calendars/events/?format=json&dtstart=20200331&dtend=20221226&wssid=EJpx0moUJPH HTTP/1.1" 200 None
2019-12-10 00:20:47.709 Eastern Standard Time ERROR archive_calendar Unrecoverable error processing events between 20200331 and 20221226: URL https://calendar.yahoo.com/ws/v3/users/@@groups_fc1660d0-ebce-46b4-a485-bce68a95ed11/calendars/events/?format=json&dtstart=20200331&dtend=20221226&wssid=EJpx0moUJPH
2019-12-10 00:20:47.710 Eastern Standard Time INFO archive_calendar Trying to get events between 20221226 and 20250921
2019-12-10 00:20:55.112 Eastern Standard Time DEBUG urllib3.connectionpool https://calendar.yahoo.com:443 "GET /ws/v3/users/@@groups_fc1660d0-ebce-46b4-a485-bce68a95ed11/calendars/events/?format=json&dtstart=20221226&dtend=20250921&wssid=EJpx0moUJPH HTTP/1.1" 200 None
2019-12-10 00:20:55.113 Eastern Standard Time ERROR archive_calendar Unrecoverable error processing events between 20221226 and 20250921: URL https://calendar.yahoo.com/ws/v3/users/@@groups_fc1660d0-ebce-46b4-a485-bce68a95ed11/calendars/events/?format=json&dtstart=20221226&dtend=20250921&wssid=EJpx0moUJPH
2019-12-10 00:23:22.686 Eastern Standard Time DEBUG urllib3.connectionpool Starting new HTTPS connection (1): groups.yahoo.com:443
2019-12-10 00:23:22.955 Eastern Standard Time DEBUG urllib3.connectionpool https://groups.yahoo.com:443 "GET /api/v1/groups/starwars_dockingbay/ HTTP/1.1" 200 None
2019-12-10 00:23:22.956 Eastern Standard Time INFO archive_calendar Getting wssid. Expecting 401 or 403 response.
2019-12-10 00:23:23.157 Eastern Standard Time DEBUG urllib3.connectionpool Starting new HTTPS connection (1): calendar.yahoo.com:443
2019-12-10 00:23:23.621 Eastern Standard Time DEBUG urllib3.connectionpool https://calendar.yahoo.com:443 "GET /ws/v3/users/@@groups_fc1660d0-ebce-46b4-a485-bce68a95ed11/calendars/events/?format=json&dtstart=20000101dtend=20000201&wssid=Dummy HTTP/1.1" 401 None
2019-12-10 00:23:23.625 Eastern Standard Time ERROR YahooGroupsAPI Unknown 401 error for https://calendar.yahoo.com/ws/v3/users/@@groups_fc1660d0-ebce-46b4-a485-bce68a95ed11/calendars/events/?format=json&dtstart=20000101dtend=20000201&wssid=Dummy, giving up on this download
2019-12-10 00:23:23.625 Eastern Standard Time INFO archive_calendar Trying to get events between 20010130 and 20031027
2019-12-10 00:23:26.149 Eastern Standard Time DEBUG urllib3.connectionpool https://calendar.yahoo.com:443 "GET /ws/v3/users/@@groups_fc1660d0-ebce-46b4-a485-bce68a95ed11/calendars/events/?format=json&dtstart=20010130&dtend=20031027&wssid=EJpx0moUJPH HTTP/1.1" 200 None
2019-12-10 00:23:26.155 Eastern Standard Time INFO archive_calendar Trying to get events between 20031027 and 20060723
2019-12-10 00:23:27.031 Eastern Standard Time DEBUG urllib3.connectionpool https://calendar.yahoo.com:443 "GET /ws/v3/users/@@groups_fc1660d0-ebce-46b4-a485-bce68a95ed11/calendars/events/?format=json&dtstart=20031027&dtend=20060723&wssid=EJpx0moUJPH HTTP/1.1" 200 None
2019-12-10 00:23:27.031 Eastern Standard Time INFO archive_calendar Trying to get events between 20060723 and 20090418
2019-12-10 00:23:27.952 Eastern Standard Time DEBUG urllib3.connectionpool https://calendar.yahoo.com:443 "GET /ws/v3/users/@@groups_fc1660d0-ebce-46b4-a485-bce68a95ed11/calendars/events/?format=json&dtstart=20060723&dtend=20090418&wssid=EJpx0moUJPH HTTP/1.1" 200 None
2019-12-10 00:23:27.954 Eastern Standard Time INFO archive_calendar Trying to get events between 20090418 and 20120113
2019-12-10 00:23:28.846 Eastern Standard Time DEBUG urllib3.connectionpool https://calendar.yahoo.com:443 "GET /ws/v3/users/@@groups_fc1660d0-ebce-46b4-a485-bce68a95ed11/calendars/events/?format=json&dtstart=20090418&dtend=20120113&wssid=EJpx0moUJPH HTTP/1.1" 200 None
2019-12-10 00:23:28.846 Eastern Standard Time INFO archive_calendar Trying to get events between 20120113 and 20141009
2019-12-10 00:23:29.778 Eastern Standard Time DEBUG urllib3.connectionpool https://calendar.yahoo.com:443 "GET /ws/v3/users/@@groups_fc1660d0-ebce-46b4-a485-bce68a95ed11/calendars/events/?format=json&dtstart=20120113&dtend=20141009&wssid=EJpx0moUJPH HTTP/1.1" 200 None
2019-12-10 00:23:29.778 Eastern Standard Time INFO archive_calendar Trying to get events between 20141009 and 20170705
2019-12-10 00:23:30.590 Eastern Standard Time DEBUG urllib3.connectionpool https://calendar.yahoo.com:443 "GET /ws/v3/users/@@groups_fc1660d0-ebce-46b4-a485-bce68a95ed11/calendars/events/?format=json&dtstart=20141009&dtend=20170705&wssid=EJpx0moUJPH HTTP/1.1" 200 None
2019-12-10 00:23:30.595 Eastern Standard Time INFO archive_calendar Trying to get events between 20170705 and 20200331
2019-12-10 00:23:31.341 Eastern Standard Time DEBUG urllib3.connectionpool https://calendar.yahoo.com:443 "GET /ws/v3/users/@@groups_fc1660d0-ebce-46b4-a485-bce68a95ed11/calendars/events/?format=json&dtstart=20170705&dtend=20200331&wssid=EJpx0moUJPH HTTP/1.1" 200 None
2019-12-10 00:23:31.342 Eastern Standard Time INFO archive_calendar Trying to get events between 20200331 and 20221226
2019-12-10 00:23:32.196 Eastern Standard Time DEBUG urllib3.connectionpool https://calendar.yahoo.com:443 "GET /ws/v3/users/@@groups_fc1660d0-ebce-46b4-a485-bce68a95ed11/calendars/events/?format=json&dtstart=20200331&dtend=20221226&wssid=EJpx0moUJPH HTTP/1.1" 200 None
2019-12-10 00:23:32.196 Eastern Standard Time INFO archive_calendar Trying to get events between 20221226 and 20250921
2019-12-10 00:23:32.919 Eastern Standard Time DEBUG urllib3.connectionpool https://calendar.yahoo.com:443 "GET /ws/v3/users/@@groups_fc1660d0-ebce-46b4-a485-bce68a95ed11/calendars/events/?format=json&dtstart=20221226&dtend=20250921&wssid=EJpx0moUJPH HTTP/1.1" 200 None
2019-12-10 00:24:14.707 Eastern Standard Time DEBUG urllib3.connectionpool Starting new HTTPS connection (1): groups.yahoo.com:443
2019-12-10 00:24:14.984 Eastern Standard Time DEBUG urllib3.connectionpool https://groups.yahoo.com:443 "GET /api/v1/groups/starwars_dockingbay/ HTTP/1.1" 200 None
2019-12-10 00:24:14.985 Eastern Standard Time INFO archive_calendar Getting wssid. Expecting 401 or 403 response.
2019-12-10 00:24:15.186 Eastern Standard Time DEBUG urllib3.connectionpool Starting new HTTPS connection (1): calendar.yahoo.com:443
2019-12-10 00:24:15.481 Eastern Standard Time DEBUG urllib3.connectionpool https://calendar.yahoo.com:443 "GET /ws/v3/users/@@groups_fc1660d0-ebce-46b4-a485-bce68a95ed11/calendars/events/?format=json&dtstart=20000101dtend=20000201&wssid=Dummy HTTP/1.1" 401 None
2019-12-10 00:24:15.482 Eastern Standard Time ERROR YahooGroupsAPI Unknown 401 error for https://calendar.yahoo.com/ws/v3/users/@@groups_fc1660d0-ebce-46b4-a485-bce68a95ed11/calendars/events/?format=json&dtstart=20000101dtend=20000201&wssid=Dummy, giving up on this download
2019-12-10 00:24:15.483 Eastern Standard Time INFO archive_calendar Trying to get events between 20010130 and 20031027
2019-12-10 00:24:16.416 Eastern Standard Time DEBUG urllib3.connectionpool https://calendar.yahoo.com:443 "GET /ws/v3/users/@@groups_fc1660d0-ebce-46b4-a485-bce68a95ed11/calendars/events/?format=json&dtstart=20010130&dtend=20031027&wssid=EJpx0moUJPH HTTP/1.1" 200 None
2019-12-10 00:24:16.418 Eastern Standard Time INFO archive_calendar Trying to get events between 20031027 and 20060723
2019-12-10 00:24:17.274 Eastern Standard Time DEBUG urllib3.connectionpool https://calendar.yahoo.com:443 "GET /ws/v3/users/@@groups_fc1660d0-ebce-46b4-a485-bce68a95ed11/calendars/events/?format=json&dtstart=20031027&dtend=20060723&wssid=EJpx0moUJPH HTTP/1.1" 200 None
2019-12-10 00:24:17.285 Eastern Standard Time INFO archive_calendar Trying to get events between 20060723 and 20090418
2019-12-10 00:24:18.179 Eastern Standard Time DEBUG urllib3.connectionpool https://calendar.yahoo.com:443 "GET /ws/v3/users/@@groups_fc1660d0-ebce-46b4-a485-bce68a95ed11/calendars/events/?format=json&dtstart=20060723&dtend=20090418&wssid=EJpx0moUJPH HTTP/1.1" 200 None
2019-12-10 00:24:18.179 Eastern Standard Time INFO archive_calendar Trying to get events between 20090418 and 20120113
2019-12-10 00:24:23.185 Eastern Standard Time DEBUG urllib3.connectionpool https://calendar.yahoo.com:443 "GET /ws/v3/users/@@groups_fc1660d0-ebce-46b4-a485-bce68a95ed11/calendars/events/?format=json&dtstart=20090418&dtend=20120113&wssid=EJpx0moUJPH HTTP/1.1" 200 None
2019-12-10 00:24:23.189 Eastern Standard Time INFO archive_calendar Trying to get events between 20120113 and 20141009
2019-12-10 00:24:26.509 Eastern Standard Time DEBUG urllib3.connectionpool https://calendar.yahoo.com:443 "GET /ws/v3/users/@@groups_fc1660d0-ebce-46b4-a485-bce68a95ed11/calendars/events/?format=json&dtstart=20120113&dtend=20141009&wssid=EJpx0moUJPH HTTP/1.1" 200 None
2019-12-10 00:24:26.509 Eastern Standard Time INFO archive_calendar Trying to get events between 20141009 and 20170705
2019-12-10 00:24:28.391 Eastern Standard Time DEBUG urllib3.connectionpool https://calendar.yahoo.com:443 "GET /ws/v3/users/@@groups_fc1660d0-ebce-46b4-a485-bce68a95ed11/calendars/events/?format=json&dtstart=20141009&dtend=20170705&wssid=EJpx0moUJPH HTTP/1.1" 200 None
2019-12-10 00:24:28.393 Eastern Standard Time INFO archive_calendar Trying to get events between 20170705 and 20200331
2019-12-10 00:24:30.946 Eastern Standard Time DEBUG urllib3.connectionpool https://calendar.yahoo.com:443 "GET /ws/v3/users/@@groups_fc1660d0-ebce-46b4-a485-bce68a95ed11/calendars/events/?format=json&dtstart=20170705&dtend=20200331&wssid=EJpx0moUJPH HTTP/1.1" 200 None
2019-12-10 00:24:30.948 Eastern Standard Time INFO archive_calendar Trying to get events between 20200331 and 20221226
2019-12-10 00:24:34.608 Eastern Standard Time DEBUG urllib3.connectionpool https://calendar.yahoo.com:443 "GET /ws/v3/users/@@groups_fc1660d0-ebce-46b4-a485-bce68a95ed11/calendars/events/?format=json&dtstart=20200331&dtend=20221226&wssid=EJpx0moUJPH HTTP/1.1" 200 None
2019-12-10 00:24:34.609 Eastern Standard Time INFO archive_calendar Trying to get events between 20221226 and 20250921
2019-12-10 00:24:38.035 Eastern Standard Time DEBUG urllib3.connectionpool https://calendar.yahoo.com:443 "GET /ws/v3/users/@@groups_fc1660d0-ebce-46b4-a485-bce68a95ed11/calendars/events/?format=json&dtstart=20221226&dtend=20250921&wssid=EJpx0moUJPH HTTP/1.1" 200 None
