2019-12-09 23:47:56.814 Eastern Standard Time DEBUG urllib3.connectionpool Starting new HTTPS connection (1): groups.yahoo.com:443
2019-12-09 23:47:57.189 Eastern Standard Time DEBUG urllib3.connectionpool https://groups.yahoo.com:443 "GET /api/v1/groups/discoforever/ HTTP/1.1" 200 None
2019-12-09 23:47:57.189 Eastern Standard Time INFO archive_calendar Getting wssid. Expecting 401 or 403 response.
2019-12-09 23:47:57.391 Eastern Standard Time DEBUG urllib3.connectionpool Starting new HTTPS connection (1): calendar.yahoo.com:443
2019-12-09 23:47:57.779 Eastern Standard Time DEBUG urllib3.connectionpool https://calendar.yahoo.com:443 "GET /ws/v3/users/@@groups_1f1fb7e3-b466-4da3-8a0a-dc79a4126fe4/calendars/events/?format=json&dtstart=20000101dtend=20000201&wssid=Dummy HTTP/1.1" 401 None
2019-12-09 23:47:57.783 Eastern Standard Time ERROR YahooGroupsAPI Unknown 401 error for https://calendar.yahoo.com/ws/v3/users/@@groups_1f1fb7e3-b466-4da3-8a0a-dc79a4126fe4/calendars/events/?format=json&dtstart=20000101dtend=20000201&wssid=Dummy, giving up on this download
2019-12-09 23:47:57.783 Eastern Standard Time INFO archive_calendar Trying to get events between 20010130 and 20031027
2019-12-09 23:47:58.768 Eastern Standard Time DEBUG urllib3.connectionpool https://calendar.yahoo.com:443 "GET /ws/v3/users/@@groups_1f1fb7e3-b466-4da3-8a0a-dc79a4126fe4/calendars/events/?format=json&dtstart=20010130&dtend=20031027&wssid=EJpx0moUJPH HTTP/1.1" 200 None
2019-12-09 23:47:58.768 Eastern Standard Time INFO archive_calendar Trying to get events between 20031027 and 20060723
2019-12-09 23:47:59.652 Eastern Standard Time DEBUG urllib3.connectionpool https://calendar.yahoo.com:443 "GET /ws/v3/users/@@groups_1f1fb7e3-b466-4da3-8a0a-dc79a4126fe4/calendars/events/?format=json&dtstart=20031027&dtend=20060723&wssid=EJpx0moUJPH HTTP/1.1" 200 None
2019-12-09 23:47:59.654 Eastern Standard Time INFO archive_calendar Trying to get events between 20060723 and 20090418
2019-12-09 23:48:00.561 Eastern Standard Time DEBUG urllib3.connectionpool https://calendar.yahoo.com:443 "GET /ws/v3/users/@@groups_1f1fb7e3-b466-4da3-8a0a-dc79a4126fe4/calendars/events/?format=json&dtstart=20060723&dtend=20090418&wssid=EJpx0moUJPH HTTP/1.1" 200 None
2019-12-09 23:48:00.562 Eastern Standard Time INFO archive_calendar Trying to get events between 20090418 and 20120113
2019-12-09 23:48:01.471 Eastern Standard Time DEBUG urllib3.connectionpool https://calendar.yahoo.com:443 "GET /ws/v3/users/@@groups_1f1fb7e3-b466-4da3-8a0a-dc79a4126fe4/calendars/events/?format=json&dtstart=20090418&dtend=20120113&wssid=EJpx0moUJPH HTTP/1.1" 200 None
2019-12-09 23:48:01.471 Eastern Standard Time INFO archive_calendar Trying to get events between 20120113 and 20141009
2019-12-09 23:48:02.430 Eastern Standard Time DEBUG urllib3.connectionpool https://calendar.yahoo.com:443 "GET /ws/v3/users/@@groups_1f1fb7e3-b466-4da3-8a0a-dc79a4126fe4/calendars/events/?format=json&dtstart=20120113&dtend=20141009&wssid=EJpx0moUJPH HTTP/1.1" 200 None
2019-12-09 23:48:02.481 Eastern Standard Time INFO archive_calendar Trying to get events between 20141009 and 20170705
2019-12-09 23:48:03.461 Eastern Standard Time DEBUG urllib3.connectionpool https://calendar.yahoo.com:443 "GET /ws/v3/users/@@groups_1f1fb7e3-b466-4da3-8a0a-dc79a4126fe4/calendars/events/?format=json&dtstart=20141009&dtend=20170705&wssid=EJpx0moUJPH HTTP/1.1" 200 None
2019-12-09 23:48:03.462 Eastern Standard Time INFO archive_calendar Trying to get events between 20170705 and 20200331
2019-12-09 23:48:04.362 Eastern Standard Time DEBUG urllib3.connectionpool https://calendar.yahoo.com:443 "GET /ws/v3/users/@@groups_1f1fb7e3-b466-4da3-8a0a-dc79a4126fe4/calendars/events/?format=json&dtstart=20170705&dtend=20200331&wssid=EJpx0moUJPH HTTP/1.1" 200 None
2019-12-09 23:48:04.362 Eastern Standard Time INFO archive_calendar Trying to get events between 20200331 and 20221226
2019-12-09 23:48:07.275 Eastern Standard Time DEBUG urllib3.connectionpool https://calendar.yahoo.com:443 "GET /ws/v3/users/@@groups_1f1fb7e3-b466-4da3-8a0a-dc79a4126fe4/calendars/events/?format=json&dtstart=20200331&dtend=20221226&wssid=EJpx0moUJPH HTTP/1.1" 200 None
2019-12-09 23:48:07.276 Eastern Standard Time INFO archive_calendar Trying to get events between 20221226 and 20250921
2019-12-09 23:48:08.158 Eastern Standard Time DEBUG urllib3.connectionpool https://calendar.yahoo.com:443 "GET /ws/v3/users/@@groups_1f1fb7e3-b466-4da3-8a0a-dc79a4126fe4/calendars/events/?format=json&dtstart=20221226&dtend=20250921&wssid=EJpx0moUJPH HTTP/1.1" 200 None
2019-12-10 00:01:17.107 Eastern Standard Time DEBUG urllib3.connectionpool Starting new HTTPS connection (1): groups.yahoo.com:443
2019-12-10 00:01:17.507 Eastern Standard Time DEBUG urllib3.connectionpool https://groups.yahoo.com:443 "GET /api/v1/groups/discoforever/ HTTP/1.1" 200 None
2019-12-10 00:01:17.508 Eastern Standard Time INFO archive_calendar Getting wssid. Expecting 401 or 403 response.
2019-12-10 00:01:17.710 Eastern Standard Time DEBUG urllib3.connectionpool Starting new HTTPS connection (1): calendar.yahoo.com:443
2019-12-10 00:01:37.053 Eastern Standard Time DEBUG urllib3.connectionpool https://calendar.yahoo.com:443 "GET /ws/v3/users/@@groups_1f1fb7e3-b466-4da3-8a0a-dc79a4126fe4/calendars/events/?format=json&dtstart=20000101dtend=20000201&wssid=Dummy HTTP/1.1" 401 None
2019-12-10 00:01:37.054 Eastern Standard Time ERROR YahooGroupsAPI Unknown 401 error for https://calendar.yahoo.com/ws/v3/users/@@groups_1f1fb7e3-b466-4da3-8a0a-dc79a4126fe4/calendars/events/?format=json&dtstart=20000101dtend=20000201&wssid=Dummy, giving up on this download
2019-12-10 00:01:37.054 Eastern Standard Time INFO archive_calendar Trying to get events between 20010130 and 20031027
2019-12-10 00:01:50.665 Eastern Standard Time DEBUG urllib3.connectionpool https://calendar.yahoo.com:443 "GET /ws/v3/users/@@groups_1f1fb7e3-b466-4da3-8a0a-dc79a4126fe4/calendars/events/?format=json&dtstart=20010130&dtend=20031027&wssid=EJpx0moUJPH HTTP/1.1" 200 None
2019-12-10 00:01:50.667 Eastern Standard Time ERROR archive_calendar Unrecoverable error processing events between 20010130 and 20031027: URL https://calendar.yahoo.com/ws/v3/users/@@groups_1f1fb7e3-b466-4da3-8a0a-dc79a4126fe4/calendars/events/?format=json&dtstart=20010130&dtend=20031027&wssid=EJpx0moUJPH
2019-12-10 00:01:50.672 Eastern Standard Time INFO archive_calendar Trying to get events between 20031027 and 20060723
2019-12-10 00:01:54.880 Eastern Standard Time DEBUG urllib3.connectionpool https://calendar.yahoo.com:443 "GET /ws/v3/users/@@groups_1f1fb7e3-b466-4da3-8a0a-dc79a4126fe4/calendars/events/?format=json&dtstart=20031027&dtend=20060723&wssid=EJpx0moUJPH HTTP/1.1" 200 None
2019-12-10 00:01:54.881 Eastern Standard Time ERROR archive_calendar Unrecoverable error processing events between 20031027 and 20060723: URL https://calendar.yahoo.com/ws/v3/users/@@groups_1f1fb7e3-b466-4da3-8a0a-dc79a4126fe4/calendars/events/?format=json&dtstart=20031027&dtend=20060723&wssid=EJpx0moUJPH
2019-12-10 00:01:54.886 Eastern Standard Time INFO archive_calendar Trying to get events between 20060723 and 20090418
2019-12-10 00:01:57.668 Eastern Standard Time DEBUG urllib3.connectionpool https://calendar.yahoo.com:443 "GET /ws/v3/users/@@groups_1f1fb7e3-b466-4da3-8a0a-dc79a4126fe4/calendars/events/?format=json&dtstart=20060723&dtend=20090418&wssid=EJpx0moUJPH HTTP/1.1" 200 None
2019-12-10 00:01:57.672 Eastern Standard Time ERROR archive_calendar Unrecoverable error processing events between 20060723 and 20090418: URL https://calendar.yahoo.com/ws/v3/users/@@groups_1f1fb7e3-b466-4da3-8a0a-dc79a4126fe4/calendars/events/?format=json&dtstart=20060723&dtend=20090418&wssid=EJpx0moUJPH
2019-12-10 00:01:57.673 Eastern Standard Time INFO archive_calendar Trying to get events between 20090418 and 20120113
2019-12-10 00:01:58.640 Eastern Standard Time DEBUG urllib3.connectionpool https://calendar.yahoo.com:443 "GET /ws/v3/users/@@groups_1f1fb7e3-b466-4da3-8a0a-dc79a4126fe4/calendars/events/?format=json&dtstart=20090418&dtend=20120113&wssid=EJpx0moUJPH HTTP/1.1" 200 None
2019-12-10 00:01:58.641 Eastern Standard Time ERROR archive_calendar Unrecoverable error processing events between 20090418 and 20120113: URL https://calendar.yahoo.com/ws/v3/users/@@groups_1f1fb7e3-b466-4da3-8a0a-dc79a4126fe4/calendars/events/?format=json&dtstart=20090418&dtend=20120113&wssid=EJpx0moUJPH
2019-12-10 00:01:58.642 Eastern Standard Time INFO archive_calendar Trying to get events between 20120113 and 20141009
2019-12-10 00:01:59.607 Eastern Standard Time DEBUG urllib3.connectionpool https://calendar.yahoo.com:443 "GET /ws/v3/users/@@groups_1f1fb7e3-b466-4da3-8a0a-dc79a4126fe4/calendars/events/?format=json&dtstart=20120113&dtend=20141009&wssid=EJpx0moUJPH HTTP/1.1" 200 None
2019-12-10 00:01:59.607 Eastern Standard Time ERROR archive_calendar Unrecoverable error processing events between 20120113 and 20141009: URL https://calendar.yahoo.com/ws/v3/users/@@groups_1f1fb7e3-b466-4da3-8a0a-dc79a4126fe4/calendars/events/?format=json&dtstart=20120113&dtend=20141009&wssid=EJpx0moUJPH
2019-12-10 00:01:59.607 Eastern Standard Time INFO archive_calendar Trying to get events between 20141009 and 20170705
2019-12-10 00:02:00.811 Eastern Standard Time DEBUG urllib3.connectionpool https://calendar.yahoo.com:443 "GET /ws/v3/users/@@groups_1f1fb7e3-b466-4da3-8a0a-dc79a4126fe4/calendars/events/?format=json&dtstart=20141009&dtend=20170705&wssid=EJpx0moUJPH HTTP/1.1" 200 None
2019-12-10 00:02:00.812 Eastern Standard Time ERROR archive_calendar Unrecoverable error processing events between 20141009 and 20170705: URL https://calendar.yahoo.com/ws/v3/users/@@groups_1f1fb7e3-b466-4da3-8a0a-dc79a4126fe4/calendars/events/?format=json&dtstart=20141009&dtend=20170705&wssid=EJpx0moUJPH
2019-12-10 00:02:00.812 Eastern Standard Time INFO archive_calendar Trying to get events between 20170705 and 20200331
2019-12-10 00:02:01.945 Eastern Standard Time DEBUG urllib3.connectionpool https://calendar.yahoo.com:443 "GET /ws/v3/users/@@groups_1f1fb7e3-b466-4da3-8a0a-dc79a4126fe4/calendars/events/?format=json&dtstart=20170705&dtend=20200331&wssid=EJpx0moUJPH HTTP/1.1" 200 None
2019-12-10 00:02:01.946 Eastern Standard Time ERROR archive_calendar Unrecoverable error processing events between 20170705 and 20200331: URL https://calendar.yahoo.com/ws/v3/users/@@groups_1f1fb7e3-b466-4da3-8a0a-dc79a4126fe4/calendars/events/?format=json&dtstart=20170705&dtend=20200331&wssid=EJpx0moUJPH
2019-12-10 00:02:01.947 Eastern Standard Time INFO archive_calendar Trying to get events between 20200331 and 20221226
2019-12-10 00:02:02.915 Eastern Standard Time DEBUG urllib3.connectionpool https://calendar.yahoo.com:443 "GET /ws/v3/users/@@groups_1f1fb7e3-b466-4da3-8a0a-dc79a4126fe4/calendars/events/?format=json&dtstart=20200331&dtend=20221226&wssid=EJpx0moUJPH HTTP/1.1" 200 None
2019-12-10 00:02:02.916 Eastern Standard Time ERROR archive_calendar Unrecoverable error processing events between 20200331 and 20221226: URL https://calendar.yahoo.com/ws/v3/users/@@groups_1f1fb7e3-b466-4da3-8a0a-dc79a4126fe4/calendars/events/?format=json&dtstart=20200331&dtend=20221226&wssid=EJpx0moUJPH
2019-12-10 00:02:02.916 Eastern Standard Time INFO archive_calendar Trying to get events between 20221226 and 20250921
2019-12-10 00:02:03.795 Eastern Standard Time DEBUG urllib3.connectionpool https://calendar.yahoo.com:443 "GET /ws/v3/users/@@groups_1f1fb7e3-b466-4da3-8a0a-dc79a4126fe4/calendars/events/?format=json&dtstart=20221226&dtend=20250921&wssid=EJpx0moUJPH HTTP/1.1" 200 None
2019-12-10 00:02:03.796 Eastern Standard Time ERROR archive_calendar Unrecoverable error processing events between 20221226 and 20250921: URL https://calendar.yahoo.com/ws/v3/users/@@groups_1f1fb7e3-b466-4da3-8a0a-dc79a4126fe4/calendars/events/?format=json&dtstart=20221226&dtend=20250921&wssid=EJpx0moUJPH
2019-12-10 00:03:30.889 Eastern Standard Time DEBUG urllib3.connectionpool Starting new HTTPS connection (1): groups.yahoo.com:443
2019-12-10 00:03:31.327 Eastern Standard Time DEBUG urllib3.connectionpool https://groups.yahoo.com:443 "GET /api/v1/groups/discoforever/ HTTP/1.1" 200 None
2019-12-10 00:03:31.328 Eastern Standard Time INFO archive_calendar Getting wssid. Expecting 401 or 403 response.
2019-12-10 00:03:31.529 Eastern Standard Time DEBUG urllib3.connectionpool Starting new HTTPS connection (1): calendar.yahoo.com:443
2019-12-10 00:03:32.103 Eastern Standard Time DEBUG urllib3.connectionpool https://calendar.yahoo.com:443 "GET /ws/v3/users/@@groups_1f1fb7e3-b466-4da3-8a0a-dc79a4126fe4/calendars/events/?format=json&dtstart=20000101dtend=20000201&wssid=Dummy HTTP/1.1" 401 None
2019-12-10 00:03:32.103 Eastern Standard Time ERROR YahooGroupsAPI Unknown 401 error for https://calendar.yahoo.com/ws/v3/users/@@groups_1f1fb7e3-b466-4da3-8a0a-dc79a4126fe4/calendars/events/?format=json&dtstart=20000101dtend=20000201&wssid=Dummy, giving up on this download
2019-12-10 00:03:32.104 Eastern Standard Time INFO archive_calendar Trying to get events between 20010130 and 20031027
2019-12-10 00:03:33.712 Eastern Standard Time DEBUG urllib3.connectionpool https://calendar.yahoo.com:443 "GET /ws/v3/users/@@groups_1f1fb7e3-b466-4da3-8a0a-dc79a4126fe4/calendars/events/?format=json&dtstart=20010130&dtend=20031027&wssid=EJpx0moUJPH HTTP/1.1" 200 None
2019-12-10 00:03:33.713 Eastern Standard Time INFO archive_calendar Trying to get events between 20031027 and 20060723
2019-12-10 00:03:34.094 Eastern Standard Time DEBUG urllib3.connectionpool https://calendar.yahoo.com:443 "GET /ws/v3/users/@@groups_1f1fb7e3-b466-4da3-8a0a-dc79a4126fe4/calendars/events/?format=json&dtstart=20031027&dtend=20060723&wssid=EJpx0moUJPH HTTP/1.1" 200 None
2019-12-10 00:03:34.094 Eastern Standard Time INFO archive_calendar Trying to get events between 20060723 and 20090418
2019-12-10 00:03:34.435 Eastern Standard Time DEBUG urllib3.connectionpool https://calendar.yahoo.com:443 "GET /ws/v3/users/@@groups_1f1fb7e3-b466-4da3-8a0a-dc79a4126fe4/calendars/events/?format=json&dtstart=20060723&dtend=20090418&wssid=EJpx0moUJPH HTTP/1.1" 200 None
2019-12-10 00:03:34.436 Eastern Standard Time INFO archive_calendar Trying to get events between 20090418 and 20120113
2019-12-10 00:03:34.785 Eastern Standard Time DEBUG urllib3.connectionpool https://calendar.yahoo.com:443 "GET /ws/v3/users/@@groups_1f1fb7e3-b466-4da3-8a0a-dc79a4126fe4/calendars/events/?format=json&dtstart=20090418&dtend=20120113&wssid=EJpx0moUJPH HTTP/1.1" 200 None
2019-12-10 00:03:34.786 Eastern Standard Time INFO archive_calendar Trying to get events between 20120113 and 20141009
2019-12-10 00:03:35.167 Eastern Standard Time DEBUG urllib3.connectionpool https://calendar.yahoo.com:443 "GET /ws/v3/users/@@groups_1f1fb7e3-b466-4da3-8a0a-dc79a4126fe4/calendars/events/?format=json&dtstart=20120113&dtend=20141009&wssid=EJpx0moUJPH HTTP/1.1" 200 None
2019-12-10 00:03:35.169 Eastern Standard Time INFO archive_calendar Trying to get events between 20141009 and 20170705
2019-12-10 00:03:35.589 Eastern Standard Time DEBUG urllib3.connectionpool https://calendar.yahoo.com:443 "GET /ws/v3/users/@@groups_1f1fb7e3-b466-4da3-8a0a-dc79a4126fe4/calendars/events/?format=json&dtstart=20141009&dtend=20170705&wssid=EJpx0moUJPH HTTP/1.1" 200 None
2019-12-10 00:03:35.589 Eastern Standard Time INFO archive_calendar Trying to get events between 20170705 and 20200331
2019-12-10 00:03:35.926 Eastern Standard Time DEBUG urllib3.connectionpool https://calendar.yahoo.com:443 "GET /ws/v3/users/@@groups_1f1fb7e3-b466-4da3-8a0a-dc79a4126fe4/calendars/events/?format=json&dtstart=20170705&dtend=20200331&wssid=EJpx0moUJPH HTTP/1.1" 200 None
2019-12-10 00:03:35.927 Eastern Standard Time INFO archive_calendar Trying to get events between 20200331 and 20221226
2019-12-10 00:03:36.280 Eastern Standard Time DEBUG urllib3.connectionpool https://calendar.yahoo.com:443 "GET /ws/v3/users/@@groups_1f1fb7e3-b466-4da3-8a0a-dc79a4126fe4/calendars/events/?format=json&dtstart=20200331&dtend=20221226&wssid=EJpx0moUJPH HTTP/1.1" 200 None
2019-12-10 00:03:36.280 Eastern Standard Time INFO archive_calendar Trying to get events between 20221226 and 20250921
2019-12-10 00:03:41.707 Eastern Standard Time DEBUG urllib3.connectionpool https://calendar.yahoo.com:443 "GET /ws/v3/users/@@groups_1f1fb7e3-b466-4da3-8a0a-dc79a4126fe4/calendars/events/?format=json&dtstart=20221226&dtend=20250921&wssid=EJpx0moUJPH HTTP/1.1" 200 None
